#
# There is insufficient memory for the Java Runtime Environment to continue.
# Native memory allocation (malloc) failed to allocate 203696 bytes for Chunk::new
# Possible reasons:
#   The system is out of physical RAM or swap space
#   The process is running with CompressedOops enabled, and the Java Heap may be blocking the growth of the native heap
# Possible solutions:
#   Reduce memory load on the system
#   Increase physical memory or swap space
#   Check if swap backing store is full
#   Decrease Java heap size (-Xmx/-Xms)
#   Decrease number of Java threads
#   Decrease Java thread stack sizes (-Xss)
#   Set larger code cache with -XX:ReservedCodeCacheSize=
#   JVM is running with Zero Based Compressed Oops mode in which the Java heap is
#     placed in the first 32GB address space. The Java Heap base address is the
#     maximum limit for the native heap growth. Please use -XX:HeapBaseMinAddress
#     to set the Java Heap base and to place the Java Heap above 32GB virtual address.
# This output file may be truncated or incomplete.
#
#  Out of Memory Error (allocation.cpp:389), pid=5348, tid=0x0000000000004060
#
# JRE version: Java(TM) SE Runtime Environment (8.0_311-b11) (build 1.8.0_311-b11)
# Java VM: Java HotSpot(TM) 64-Bit Server VM (25.311-b11 mixed mode windows-amd64 compressed oops)
# Failed to write core dump. Minidumps are not enabled by default on client versions of Windows
#

---------------  T H R E A D  ---------------

Current thread (0x000001e839a11000):  JavaThread "C2 CompilerThread2" daemon [_thread_in_native, id=16480, stack(0x000000b045d00000,0x000000b045e00000)]

Stack: [0x000000b045d00000,0x000000b045e00000]
Native frames: (J=compiled Java code, j=interpreted, Vv=VM code, C=native code)
V  [jvm.dll+0x32f239]
V  [jvm.dll+0x275882]
V  [jvm.dll+0x27652d]
V  [jvm.dll+0x26cf65]
V  [jvm.dll+0xd558c]
V  [jvm.dll+0xd5d8c]
V  [jvm.dll+0x453642]
V  [jvm.dll+0x48e6bd]
V  [jvm.dll+0x442860]
V  [jvm.dll+0x4404ab]
V  [jvm.dll+0x42b38b]
V  [jvm.dll+0xac22b]
V  [jvm.dll+0xaa88b]
V  [jvm.dll+0x23df22]
V  [jvm.dll+0x29253c]
C  [ucrtbase.dll+0x21bb2]
C  [KERNEL32.DLL+0x17034]
C  [ntdll.dll+0x526a1]


Current CompileTask:
C2:    332  338   !   4       sun.misc.URLClassPath$JarLoader::getResource (85 bytes)


---------------  P R O C E S S  ---------------

Java Threads: ( => current thread )
  0x000001e839ae4800 JavaThread "Service Thread" daemon [_thread_blocked, id=16136, stack(0x000000b045f00000,0x000000b046000000)]
  0x000001e839a13800 JavaThread "C1 CompilerThread3" daemon [_thread_blocked, id=13528, stack(0x000000b045e00000,0x000000b045f00000)]
=>0x000001e839a11000 JavaThread "C2 CompilerThread2" daemon [_thread_in_native, id=16480, stack(0x000000b045d00000,0x000000b045e00000)]
  0x000001e839a0e000 JavaThread "C2 CompilerThread1" daemon [_thread_blocked, id=18096, stack(0x000000b045c00000,0x000000b045d00000)]
  0x000001e839a0b800 JavaThread "C2 CompilerThread0" daemon [_thread_blocked, id=17084, stack(0x000000b045b00000,0x000000b045c00000)]
  0x000001e839a07000 JavaThread "Monitor Ctrl-Break" daemon [_thread_in_native, id=8556, stack(0x000000b045a00000,0x000000b045b00000)]
  0x000001e837c82000 JavaThread "Attach Listener" daemon [_thread_blocked, id=14904, stack(0x000000b045900000,0x000000b045a00000)]
  0x000001e837c30000 JavaThread "Signal Dispatcher" daemon [_thread_blocked, id=1452, stack(0x000000b045800000,0x000000b045900000)]
  0x000001e837c02000 JavaThread "Finalizer" daemon [_thread_blocked, id=19096, stack(0x000000b045700000,0x000000b045800000)]
  0x000001e837bfa800 JavaThread "Reference Handler" daemon [_thread_blocked, id=19960, stack(0x000000b045600000,0x000000b045700000)]
  0x000001e81f660000 JavaThread "main" [_thread_in_native, id=19528, stack(0x000000b044c00000,0x000000b044d00000)]

Other Threads:
  0x000001e837bcc000 VMThread [stack: 0x000000b045500000,0x000000b045600000] [id=15520]
  0x000001e839b2f000 WatcherThread [stack: 0x000000b046000000,0x000000b046100000] [id=17164]

VM state:not at safepoint (normal execution)

VM Mutex/Monitor currently owned by a thread: None

OutOfMemory and StackOverflow Exception counts:
OutOfMemoryError java_heap_errors=1

heap address: 0x0000000703400000, size: 3020 MB, Compressed Oops mode: Zero based, Oop shift amount: 3
Narrow klass base: 0x0000000000000000, Narrow klass shift: 3
Compressed class space size: 1073741824 Address: 0x00000007c0000000

Heap:
 PSYoungGen      total 56832K, used 11840K [0x0000000781180000, 0x0000000785080000, 0x00000007c0000000)
  eden space 49152K, 24% used [0x0000000781180000,0x0000000781d10358,0x0000000784180000)
  from space 7680K, 0% used [0x0000000784900000,0x0000000784900000,0x0000000785080000)
  to   space 7680K, 0% used [0x0000000784180000,0x0000000784180000,0x0000000784900000)
 ParOldGen       total 130048K, used 0K [0x0000000703400000, 0x000000070b300000, 0x0000000781180000)
  object space 130048K, 0% used [0x0000000703400000,0x0000000703400000,0x000000070b300000)
 Metaspace       used 6842K, capacity 7008K, committed 7296K, reserved 1056768K
  class space    used 783K, capacity 819K, committed 896K, reserved 1048576K

Card table byte_map: [0x000001e830330000,0x000001e830920000] byte_map_base: 0x000001e82cb16000

Marking Bits: (ParMarkBitMap*) 0x0000000052c38030
 Begin Bits: [0x000001e830d10000, 0x000001e833c40000)
 End Bits:   [0x000001e833c40000, 0x000001e836b70000)

Polling page: 0x000001e820f40000

CodeCache: size=245760Kb used=2021Kb max_used=2027Kb free=243738Kb
 bounds [0x000001e820f70000, 0x000001e8211e0000, 0x000001e82ff70000]
 total_blobs=645 nmethods=351 adapters=207
 compilation: enabled

Compilation events (10 events):
Event: 0.318 Thread 0x000001e839a13800  339       3       java.util.HashSet::<init> (16 bytes)
Event: 0.318 Thread 0x000001e839a13800 nmethod 339 0x000001e821161110 code [0x000001e8211612a0, 0x000001e8211616b8]
Event: 0.318 Thread 0x000001e839a13800  340       3       java.util.Vector::ensureCapacityHelper (16 bytes)
Event: 0.318 Thread 0x000001e839a13800 nmethod 340 0x000001e821161890 code [0x000001e821161a00, 0x000001e821161bf0]
Event: 0.319 Thread 0x000001e839a13800  341   !   3       java.lang.ref.Finalizer::add (41 bytes)
Event: 0.319 Thread 0x000001e839a13800 nmethod 341 0x000001e821161cd0 code [0x000001e821161e40, 0x000001e8211621f8]
Event: 0.320 Thread 0x000001e839a13800  342       3       java.util.jar.JarFile::getEntry (22 bytes)
Event: 0.320 Thread 0x000001e839a13800 nmethod 342 0x000001e821162310 code [0x000001e8211624a0, 0x000001e821162800]
Event: 0.320 Thread 0x000001e839a13800  343       3       java.util.jar.JarFile::getJarEntry (9 bytes)
Event: 0.320 Thread 0x000001e839a13800 nmethod 343 0x000001e821162950 code [0x000001e821162ac0, 0x000001e821162dd0]

GC Heap History (0 events):
No events

Deoptimization events (0 events):
No events

Classes redefined (0 events):
No events

Internal exceptions (7 events):
Event: 0.030 Thread 0x000001e81f660000 Exception <a 'java/lang/NoSuchMethodError': Method sun.misc.Unsafe.defineClass(Ljava/lang/String;[BII)Ljava/lang/Class; name or signature does not match> (0x0000000781187cc0) thrown at [C:\jenkins\workspace\8-2-build-windows-amd64-cygwin\jdk8u311\1894\hot
Event: 0.030 Thread 0x000001e81f660000 Exception <a 'java/lang/NoSuchMethodError': Method sun.misc.Unsafe.prefetchRead(Ljava/lang/Object;J)V name or signature does not match> (0x0000000781187fa8) thrown at [C:\jenkins\workspace\8-2-build-windows-amd64-cygwin\jdk8u311\1894\hotspot\src\share\vm\
Event: 0.134 Thread 0x000001e81f660000 Exception <a 'java/io/FileNotFoundException'> (0x000000078136c478) thrown at [C:\jenkins\workspace\8-2-build-windows-amd64-cygwin\jdk8u311\1894\hotspot\src\share\vm\prims\jni.cpp, line 710]
Event: 0.154 Thread 0x000001e81f660000 Exception <a 'java/security/PrivilegedActionException'> (0x0000000781600408) thrown at [C:\jenkins\workspace\8-2-build-windows-amd64-cygwin\jdk8u311\1894\hotspot\src\share\vm\prims\jvm.cpp, line 1523]
Event: 0.154 Thread 0x000001e81f660000 Exception <a 'java/security/PrivilegedActionException'> (0x0000000781600800) thrown at [C:\jenkins\workspace\8-2-build-windows-amd64-cygwin\jdk8u311\1894\hotspot\src\share\vm\prims\jvm.cpp, line 1523]
Event: 0.154 Thread 0x000001e81f660000 Exception <a 'java/security/PrivilegedActionException'> (0x0000000781604ae0) thrown at [C:\jenkins\workspace\8-2-build-windows-amd64-cygwin\jdk8u311\1894\hotspot\src\share\vm\prims\jvm.cpp, line 1523]
Event: 0.154 Thread 0x000001e81f660000 Exception <a 'java/security/PrivilegedActionException'> (0x0000000781604ed8) thrown at [C:\jenkins\workspace\8-2-build-windows-amd64-cygwin\jdk8u311\1894\hotspot\src\share\vm\prims\jvm.cpp, line 1523]

Events (10 events):
Event: 0.318 loading class org/apache/ibatis/executor/Executor
Event: 0.318 loading class org/apache/ibatis/executor/Executor done
Event: 0.319 loading class org/apache/ibatis/session/LocalCacheScope
Event: 0.319 loading class org/apache/ibatis/session/LocalCacheScope done
Event: 0.319 loading class org/apache/ibatis/type/JdbcType
Event: 0.319 loading class org/apache/ibatis/type/JdbcType done
Event: 0.320 loading class org/apache/ibatis/session/ExecutorType
Event: 0.320 loading class org/apache/ibatis/session/ExecutorType done
Event: 0.320 loading class org/apache/ibatis/session/AutoMappingBehavior
Event: 0.320 loading class org/apache/ibatis/session/AutoMappingBehavior done


Dynamic libraries:
0x00007ff63b8b0000 - 0x00007ff63b8f7000 	C:\Program Files\Java\jdk1.8.0_311\bin\java.exe
0x00007ffc75bf0000 - 0x00007ffc75de8000 	C:\Windows\SYSTEM32\ntdll.dll
0x00007ffc756f0000 - 0x00007ffc757ad000 	C:\Windows\System32\KERNEL32.DLL
0x00007ffc73310000 - 0x00007ffc735de000 	C:\Windows\System32\KERNELBASE.dll
0x00007ffc75350000 - 0x00007ffc753fe000 	C:\Windows\System32\ADVAPI32.dll
0x00007ffc757b0000 - 0x00007ffc7584e000 	C:\Windows\System32\msvcrt.dll
0x00007ffc73e40000 - 0x00007ffc73edc000 	C:\Windows\System32\sechost.dll
0x00007ffc73cb0000 - 0x00007ffc73dd5000 	C:\Windows\System32\RPCRT4.dll
0x00007ffc751b0000 - 0x00007ffc75350000 	C:\Windows\System32\USER32.dll
0x00007ffc73870000 - 0x00007ffc73892000 	C:\Windows\System32\win32u.dll
0x00007ffc75470000 - 0x00007ffc7549a000 	C:\Windows\System32\GDI32.dll
0x00007ffc739d0000 - 0x00007ffc73adb000 	C:\Windows\System32\gdi32full.dll
0x00007ffc738a0000 - 0x00007ffc7393d000 	C:\Windows\System32\msvcp_win.dll
0x00007ffc735e0000 - 0x00007ffc736e0000 	C:\Windows\System32\ucrtbase.dll
0x00007ffc4ef80000 - 0x00007ffc4f21a000 	C:\Windows\WinSxS\amd64_microsoft.windows.common-controls_6595b64144ccf1df_6.0.19041.1110_none_60b5254171f9507e\COMCTL32.dll
0x00007ffc75550000 - 0x00007ffc75580000 	C:\Windows\System32\IMM32.DLL
0x00007ffc5e850000 - 0x00007ffc5e865000 	C:\Program Files\Java\jdk1.8.0_311\jre\bin\vcruntime140.dll
0x00007ffc37630000 - 0x00007ffc376cb000 	C:\Program Files\Java\jdk1.8.0_311\jre\bin\msvcp140.dll
0x0000000052450000 - 0x0000000052cb0000 	C:\Program Files\Java\jdk1.8.0_311\jre\bin\server\jvm.dll
0x00007ffc751a0000 - 0x00007ffc751a8000 	C:\Windows\System32\PSAPI.DLL
0x00007ffc6dd40000 - 0x00007ffc6dd49000 	C:\Windows\SYSTEM32\WSOCK32.dll
0x00007ffc5dde0000 - 0x00007ffc5de07000 	C:\Windows\SYSTEM32\WINMM.dll
0x00007ffc6b8d0000 - 0x00007ffc6b8da000 	C:\Windows\SYSTEM32\VERSION.dll
0x00007ffc75400000 - 0x00007ffc7546b000 	C:\Windows\System32\WS2_32.dll
0x00007ffc711e0000 - 0x00007ffc711f2000 	C:\Windows\SYSTEM32\kernel.appcore.dll
0x00007ffc6e010000 - 0x00007ffc6e020000 	C:\Program Files\Java\jdk1.8.0_311\jre\bin\verify.dll
0x00007ffc52cc0000 - 0x00007ffc52ceb000 	C:\Program Files\Java\jdk1.8.0_311\jre\bin\java.dll
0x00007ffc534b0000 - 0x00007ffc534e0000 	C:\Program Files\Java\jdk1.8.0_311\jre\bin\instrument.dll
0x00007ffc52ba0000 - 0x00007ffc52bb8000 	C:\Program Files\Java\jdk1.8.0_311\jre\bin\zip.dll
0x00007ffc74000000 - 0x00007ffc74743000 	C:\Windows\System32\SHELL32.dll
0x00007ffc71400000 - 0x00007ffc71b95000 	C:\Windows\SYSTEM32\windows.storage.dll
0x00007ffc749d0000 - 0x00007ffc74d24000 	C:\Windows\System32\combase.dll
0x00007ffc72d70000 - 0x00007ffc72da0000 	C:\Windows\SYSTEM32\Wldp.dll
0x00007ffc754a0000 - 0x00007ffc7554d000 	C:\Windows\System32\SHCORE.dll
0x00007ffc73de0000 - 0x00007ffc73e35000 	C:\Windows\System32\shlwapi.dll
0x00007ffc73250000 - 0x00007ffc7326f000 	C:\Windows\SYSTEM32\profapi.dll
0x00007ffc672c0000 - 0x00007ffc672da000 	D:\GZXT\ProgramFiles (x86)\JAVA\IntelliJ IDEA 2022.1.3\bin\breakgen64.dll
0x00007ffc526d0000 - 0x00007ffc526ec000 	C:\Program Files\Java\jdk1.8.0_311\jre\bin\net.dll
0x00007ffc72a80000 - 0x00007ffc72aea000 	C:\Windows\system32\mswsock.dll
0x00007ffc69e40000 - 0x00007ffc6a024000 	C:\Windows\SYSTEM32\dbghelp.dll
0x00007ffc73940000 - 0x00007ffc739c2000 	C:\Windows\System32\bcryptPrimitives.dll

VM Arguments:
jvm_args: -ea -Didea.test.cyclic.buffer.size=1048576 -javaagent:D:\GZXT\ProgramFiles (x86)\JAVA\IntelliJ IDEA 2022.1.3\lib\idea_rt.jar=14824:D:\GZXT\ProgramFiles (x86)\JAVA\IntelliJ IDEA 2022.1.3\bin -Dfile.encoding=UTF-8 
java_command: com.intellij.rt.junit.JUnitStarter -ideVersion5 -junit4 com.iweb.MybatisTest,findAll1
java_class_path (initial): D:\GZXT\ProgramFiles (x86)\JAVA\IntelliJ IDEA 2022.1.3\lib\idea_rt.jar;D:\GZXT\ProgramFiles (x86)\JAVA\IntelliJ IDEA 2022.1.3\plugins\junit\lib\junit5-rt.jar;D:\GZXT\ProgramFiles (x86)\JAVA\IntelliJ IDEA 2022.1.3\plugins\junit\lib\junit-rt.jar;C:\Program Files\Java\jdk1.8.0_311\jre\lib\charsets.jar;C:\Program Files\Java\jdk1.8.0_311\jre\lib\deploy.jar;C:\Program Files\Java\jdk1.8.0_311\jre\lib\ext\access-bridge-64.jar;C:\Program Files\Java\jdk1.8.0_311\jre\lib\ext\cldrdata.jar;C:\Program Files\Java\jdk1.8.0_311\jre\lib\ext\dnsns.jar;C:\Program Files\Java\jdk1.8.0_311\jre\lib\ext\jaccess.jar;C:\Program Files\Java\jdk1.8.0_311\jre\lib\ext\jfxrt.jar;C:\Program Files\Java\jdk1.8.0_311\jre\lib\ext\localedata.jar;C:\Program Files\Java\jdk1.8.0_311\jre\lib\ext\nashorn.jar;C:\Program Files\Java\jdk1.8.0_311\jre\lib\ext\sunec.jar;C:\Program Files\Java\jdk1.8.0_311\jre\lib\ext\sunjce_provider.jar;C:\Program Files\Java\jdk1.8.0_311\jre\lib\ext\sunmscapi.jar;C:\Program Files\Java\jdk1.8.0_311\jre\lib\ext\sunpkcs11.jar;C:\Program Files\Java\jdk1.8.0_311\jre\lib\ext\zipfs.jar;C:\Program Files\Java\jdk1.8.0_311\jre\lib\javaws.jar;C:\Program Files\Java\jdk1.8.0_311\jre\lib\jce.jar;C:\Program Files\Java\jdk1.8.0_311\jre\lib\jfr.jar;C:\Program Files\Java\jdk1.8.0_311\jre\lib\jfxswt.jar;C:\Program Files\Java\jdk1.8.0_311\jre\lib\jsse.jar;C:\Program Files\Java\jdk1.8.0_311\jre\lib\management-agent.jar;C:\Program Files\Java\jdk1.8.0_311\jre\lib\plugin.jar;C:\Program Files\Java\jdk1.8.0_311\jre\lib\resources.jar;C:\Program Files\Java\jdk1.8.0_311\jre\lib\rt.jar;C:\bianchenglianxi\java\xiangmu\idea\naumybatis01\target\test-classes;C:\bianchenglianxi\java\xiangmu\idea\naumybatis01\target\classes;C:\Users\20150\.m2\repository\org\mybatis\mybatis\3.4.5\mybatis-3.4.5.jar;C:\Users\20150\.m2\repository\mysql\mysql-connector-java\8.0.22\mysql-connector-java-8.0.22.jar;C:\Users\20150\.m2\repository\com\google\protobuf\protobuf-java\3.11.4\protobuf-java-3.11.4.jar;C:\U
Launcher Type: SUN_STANDARD

Environment Variables:
JAVA_HOME=C:\Program Files\Java\jdk1.8.0_311
CLASSPATH=.;C:\Program Files\Java\jdk1.8.0_311\lib\dt.jar;C:\Program Files\Java\jdk1.8.0_311\lib\tools.jar;C:\Program Files\Java\jdk1.8.0_311\jre\rt.jar
PATH=C:\app\20150\product\11.2.0\dbhome_1\bin;F:\VMware\VMware pro\bin\;C:\ProgramData\Anaconda3;C:\ProgramData\Anaconda3\Library\mingw-w64\bin;C:\ProgramData\Anaconda3\Library\usr\bin;C:\ProgramData\Anaconda3\Library\bin;C:\ProgramData\Anaconda3\Scripts;C:\Program Files\Java\jdk1.8.0_311\bin;C:\Program Files\Common Files\Oracle\Java\javapath;C:\Program Files (x86)\Common Files\Oracle\Java\javapath;C:\Program Files\Microsoft MPI\Bin\;C:\Windows\system32;C:\Windows;C:\Windows\System32\Wbem;C:\Windows\System32\WindowsPowerShell\v1.0\;C:\Windows\System32\OpenSSH\;C:\Program Files (x86)\Microsoft SQL Server\140\Tools\Binn\;C:\Program Files\Microsoft SQL Server\140\Tools\Binn\;C:\Program Files (x86)\Microsoft SQL Server\140\DTS\Binn\;C:\Program Files\Microsoft SQL Server\140\DTS\Binn\;C:\Program Files\Microsoft SQL Server\Client SDK\ODBC\130\Tools\Binn\;C:\Program Files (x86)\Microsoft SQL Server\150\DTS\Binn\;C:\Program Files\Azure Data Studio\bin;C:\MinGW\bin;C:\Program Files\Java\jdk1.8.0_311\bin;C:\Program Files\Java\jdk-17.0.1\bin;C:\Program Files\Java\jdk1.8.0_311\jre\bin;C:\Program Files (x86)\NetSarang\Xshell 7\;C:\Program Files (x86)\NetSarang\Xftp 7\;C:\Program Files\MySQL\MySQL Server 8.0\bin;C:\Program Files (x86)\IDM Computer Solutions\UltraEdit;C:\Program Files\Java\jdk-18.0.1.1\bin;D:\GZXT\ProgramFiles (x86)\Maven\apache-maven-3.8.6\bin;D:\GZXT\ProgramSoftware\Git\cmd;D:\GZXT\ProgramSoftware\bilbiltools\ffmpeg-5.1.1-essentials_build\bin;C:\Users\20150\AppData\Local\Microsoft\WindowsApps;C:\Users\20150\AppData\Local\Programs\Microsoft VS Code\bin;C:\Program Files\Azure Data Studio\bin;C:\Users\20150\AppData\Local\GitHubDesktop\bin;C:\Program Files (x86)\Tencent\微信web开发者工具\dll;;C:\Users\20150\AppData\Local\Programs\Fiddler;D:\GZXT\ProgramFiles (x86)\Python\PyCharm 2022.1.3\bin;
USERNAME=20150
OS=Windows_NT
PROCESSOR_IDENTIFIER=Intel64 Family 6 Model 142 Stepping 12, GenuineIntel



---------------  S Y S T E M  ---------------

OS: Windows 10.0 , 64 bit Build 19041 (10.0.19041.1889)

CPU:total 8 (initial active 8) (4 cores per cpu, 2 threads per core) family 6 model 142 stepping 12, cmov, cx8, fxsr, mmx, sse, sse2, sse3, ssse3, sse4.1, sse4.2, popcnt, avx, avx2, aes, clmul, erms, 3dnowpref, lzcnt, ht, tsc, tscinvbit, bmi1, bmi2, adx

Memory: 4k page, physical 12367520k(1925148k free), swap 15513248k(5292k free)

vm_info: Java HotSpot(TM) 64-Bit Server VM (25.311-b11) for windows-amd64 JRE (1.8.0_311-b11), built on Sep 27 2021 05:15:14 by "java_re" with MS VC++ 15.9 (VS2017)

time: Sun Sep 25 23:07:44 2022
timezone: 中国标准时间
elapsed time: 0.335674 seconds (0d 0h 0m 0s)

