#
# There is insufficient memory for the Java Runtime Environment to continue.
# Native memory allocation (malloc) failed to allocate 102160 bytes for Chunk::new
# Possible reasons:
#   The system is out of physical RAM or swap space
#   The process is running with CompressedOops enabled, and the Java Heap may be blocking the growth of the native heap
# Possible solutions:
#   Reduce memory load on the system
#   Increase physical memory or swap space
#   Check if swap backing store is full
#   Decrease Java heap size (-Xmx/-Xms)
#   Decrease number of Java threads
#   Decrease Java thread stack sizes (-Xss)
#   Set larger code cache with -XX:ReservedCodeCacheSize=
#   JVM is running with Zero Based Compressed Oops mode in which the Java heap is
#     placed in the first 32GB address space. The Java Heap base address is the
#     maximum limit for the native heap growth. Please use -XX:HeapBaseMinAddress
#     to set the Java Heap base and to place the Java Heap above 32GB virtual address.
# This output file may be truncated or incomplete.
#
#  Out of Memory Error (allocation.cpp:389), pid=18612, tid=0x0000000000004cd8
#
# JRE version: Java(TM) SE Runtime Environment (8.0_311-b11) (build 1.8.0_311-b11)
# Java VM: Java HotSpot(TM) 64-Bit Server VM (25.311-b11 mixed mode windows-amd64 compressed oops)
# Failed to write core dump. Minidumps are not enabled by default on client versions of Windows
#

---------------  T H R E A D  ---------------

Current thread (0x000002bae36b3000):  JavaThread "C2 CompilerThread0" daemon [_thread_in_native, id=19672, stack(0x000000f30f900000,0x000000f30fa00000)]

Stack: [0x000000f30f900000,0x000000f30fa00000]
Native frames: (J=compiled Java code, j=interpreted, Vv=VM code, C=native code)
V  [jvm.dll+0x32f239]


Current CompileTask:
C2:    780 1003 %     4       sun.net.www.ParseUtil::encodePath @ 29 (336 bytes)


---------------  P R O C E S S  ---------------

Java Threads: ( => current thread )
  0x000002bae40e0800 JavaThread "mysql-cj-abandoned-connection-cleanup" daemon [_thread_blocked, id=20360, stack(0x000000f30ff00000,0x000000f310000000)]
  0x000002bae378f800 JavaThread "Service Thread" daemon [_thread_blocked, id=14652, stack(0x000000f30fd00000,0x000000f30fe00000)]
  0x000002bae36cc800 JavaThread "C1 CompilerThread3" daemon [_thread_blocked, id=15376, stack(0x000000f30fc00000,0x000000f30fd00000)]
  0x000002bae36c1800 JavaThread "C2 CompilerThread2" daemon [_thread_blocked, id=16052, stack(0x000000f30fb00000,0x000000f30fc00000)]
  0x000002bae36b5000 JavaThread "C2 CompilerThread1" daemon [_thread_blocked, id=14052, stack(0x000000f30fa00000,0x000000f30fb00000)]
=>0x000002bae36b3000 JavaThread "C2 CompilerThread0" daemon [_thread_in_native, id=19672, stack(0x000000f30f900000,0x000000f30fa00000)]
  0x000002bae36ae000 JavaThread "Monitor Ctrl-Break" daemon [_thread_in_native, id=14216, stack(0x000000f30f800000,0x000000f30f900000)]
  0x000002bae1969800 JavaThread "Attach Listener" daemon [_thread_blocked, id=13392, stack(0x000000f30f700000,0x000000f30f800000)]
  0x000002bae1916000 JavaThread "Signal Dispatcher" daemon [_thread_blocked, id=11828, stack(0x000000f30f600000,0x000000f30f700000)]
  0x000002bae18e9800 JavaThread "Finalizer" daemon [_thread_blocked, id=17584, stack(0x000000f30f500000,0x000000f30f600000)]
  0x000002bae18e2000 JavaThread "Reference Handler" daemon [_thread_blocked, id=19164, stack(0x000000f30f400000,0x000000f30f500000)]
  0x000002bac9366000 JavaThread "main" [_thread_in_vm, id=7940, stack(0x000000f30ea00000,0x000000f30eb00000)]

Other Threads:
  0x000002bae18b8800 VMThread [stack: 0x000000f30f300000,0x000000f30f400000] [id=5440]
  0x000002bae37c5800 WatcherThread [stack: 0x000000f30fe00000,0x000000f30ff00000] [id=9132]

VM state:not at safepoint (normal execution)

VM Mutex/Monitor currently owned by a thread: None

heap address: 0x0000000703400000, size: 3020 MB, Compressed Oops mode: Zero based, Oop shift amount: 3
Narrow klass base: 0x0000000000000000, Narrow klass shift: 3
Compressed class space size: 1073741824 Address: 0x00000007c0000000

Heap:
 PSYoungGen      total 56832K, used 10667K [0x0000000781180000, 0x0000000785080000, 0x00000007c0000000)
  eden space 49152K, 8% used [0x0000000781180000,0x00000007815c03d8,0x0000000784180000)
  from space 7680K, 82% used [0x0000000784180000,0x00000007847aa900,0x0000000784900000)
  to   space 7680K, 0% used [0x0000000784900000,0x0000000784900000,0x0000000785080000)
 ParOldGen       total 130048K, used 80K [0x0000000703400000, 0x000000070b300000, 0x0000000781180000)
  object space 130048K, 0% used [0x0000000703400000,0x0000000703414010,0x000000070b300000)
 Metaspace       used 13943K, capacity 14146K, committed 14592K, reserved 1062912K
  class space    used 1610K, capacity 1687K, committed 1792K, reserved 1048576K

Card table byte_map: [0x000002bada050000,0x000002bada640000] byte_map_base: 0x000002bad6836000

Marking Bits: (ParMarkBitMap*) 0x0000000052c38030
 Begin Bits: [0x000002badaa30000, 0x000002badd960000)
 End Bits:   [0x000002badd960000, 0x000002bae0890000)

Polling page: 0x000002bac9420000

CodeCache: size=245760Kb used=3834Kb max_used=3847Kb free=241925Kb
 bounds [0x000002bacac90000, 0x000002bacb060000, 0x000002bad9c90000]
 total_blobs=1398 nmethods=1003 adapters=307
 compilation: enabled

Compilation events (10 events):
Event: 0.764 Thread 0x000002bae36cc800  999       3       jdk.internal.org.objectweb.asm.ByteVector::putByteArray (49 bytes)
Event: 0.764 Thread 0x000002bae36cc800 nmethod 999 0x000002bacb04c7d0 code [0x000002bacb04c940, 0x000002bacb04cc80]
Event: 0.766 Thread 0x000002bae36cc800 1000       3       java.lang.CharacterDataLatin1::digit (91 bytes)
Event: 0.766 Thread 0x000002bae36cc800 nmethod 1000 0x000002bacb04cfd0 code [0x000002bacb04d140, 0x000002bacb04d4d8]
Event: 0.767 Thread 0x000002bae36cc800 1001       3       java.net.URI$Parser::charAt (9 bytes)
Event: 0.767 Thread 0x000002bae36cc800 nmethod 1001 0x000002bacb04d650 code [0x000002bacb04d7c0, 0x000002bacb04db10]
Event: 0.767 Thread 0x000002bae36cc800 1002   !   3       com.mysql.cj.conf.DefaultPropertySet::getProperty (52 bytes)
Event: 0.767 Thread 0x000002bae36cc800 nmethod 1002 0x000002bacb04dc90 code [0x000002bacb04de40, 0x000002bacb04e610]
Event: 0.770 Thread 0x000002bae36b3000 1003 %     4       sun.net.www.ParseUtil::encodePath @ 29 (336 bytes)
Event: 0.776 Thread 0x000002bae36b5000 1004 %     4       sun.nio.cs.UTF_8$Decoder::decode @ 20 (779 bytes)

GC Heap History (2 events):
Event: 0.739 GC heap before
{Heap before GC invocations=1 (full 0):
 PSYoungGen      total 56832K, used 49152K [0x0000000781180000, 0x0000000785080000, 0x00000007c0000000)
  eden space 49152K, 100% used [0x0000000781180000,0x0000000784180000,0x0000000784180000)
  from space 7680K, 0% used [0x0000000784900000,0x0000000784900000,0x0000000785080000)
  to   space 7680K, 0% used [0x0000000784180000,0x0000000784180000,0x0000000784900000)
 ParOldGen       total 130048K, used 0K [0x0000000703400000, 0x000000070b300000, 0x0000000781180000)
  object space 130048K, 0% used [0x0000000703400000,0x0000000703400000,0x000000070b300000)
 Metaspace       used 13188K, capacity 13426K, committed 13696K, reserved 1060864K
  class space    used 1536K, capacity 1617K, committed 1664K, reserved 1048576K
Event: 0.744 GC heap after
Heap after GC invocations=1 (full 0):
 PSYoungGen      total 56832K, used 6314K [0x0000000781180000, 0x0000000785080000, 0x00000007c0000000)
  eden space 49152K, 0% used [0x0000000781180000,0x0000000781180000,0x0000000784180000)
  from space 7680K, 82% used [0x0000000784180000,0x00000007847aa900,0x0000000784900000)
  to   space 7680K, 0% used [0x0000000784900000,0x0000000784900000,0x0000000785080000)
 ParOldGen       total 130048K, used 80K [0x0000000703400000, 0x000000070b300000, 0x0000000781180000)
  object space 130048K, 0% used [0x0000000703400000,0x0000000703414010,0x000000070b300000)
 Metaspace       used 13188K, capacity 13426K, committed 13696K, reserved 1060864K
  class space    used 1536K, capacity 1617K, committed 1664K, reserved 1048576K
}

Deoptimization events (7 events):
Event: 0.476 Thread 0x000002bac9366000 Uncommon trap: reason=unstable_if action=reinterpret pc=0x000002bacaf1ceac method=sun.text.UCompactIntArray.elementAt(I)I @ 14
Event: 0.482 Thread 0x000002bac9366000 Uncommon trap: reason=unstable_if action=reinterpret pc=0x000002bacae0a6d8 method=sun.nio.cs.UTF_8$Encoder.encode([CII[B)I @ 33
Event: 0.482 Thread 0x000002bac9366000 Uncommon trap: reason=unstable_if action=reinterpret pc=0x000002bacaec9248 method=sun.net.www.ParseUtil.encodePath(Ljava/lang/String;Z)Ljava/lang/String; @ 81
Event: 0.540 Thread 0x000002bae40e0800 Uncommon trap: reason=unstable_if action=reinterpret pc=0x000002bacae96e04 method=java.util.zip.ZipCoder.getBytes(Ljava/lang/String;)[B @ 32
Event: 0.540 Thread 0x000002bae40e0800 Uncommon trap: reason=unstable_if action=reinterpret pc=0x000002bacae2e1f4 method=java.lang.String.indexOf([CII[CIII)I @ 3
Event: 0.620 Thread 0x000002bac9366000 Uncommon trap: reason=unstable_if action=reinterpret pc=0x000002bacaeaec24 method=java.util.HashMap.hash(Ljava/lang/Object;)I @ 1
Event: 0.766 Thread 0x000002bac9366000 Uncommon trap: reason=predicate action=maybe_recompile pc=0x000002bacb0390b0 method=sun.net.www.ParseUtil.encodePath(Ljava/lang/String;Z)Ljava/lang/String; @ 36

Classes redefined (0 events):
No events

Internal exceptions (10 events):
Event: 0.360 Thread 0x000002bac9366000 Exception <a 'java/lang/ClassNotFoundException': org/apache/log4j/PatternLayoutCustomizer> (0x0000000781f0b418) thrown at [C:\jenkins\workspace\8-2-build-windows-amd64-cygwin\jdk8u311\1894\hotspot\src\share\vm\classfile\systemDictionary.cpp, line 212]
Event: 0.372 Thread 0x000002bac9366000 Exception <a 'java/lang/ClassNotFoundException': org/apache/log4j/FileAppenderBeanInfo> (0x0000000781f8db80) thrown at [C:\jenkins\workspace\8-2-build-windows-amd64-cygwin\jdk8u311\1894\hotspot\src\share\vm\classfile\systemDictionary.cpp, line 212]
Event: 0.372 Thread 0x000002bac9366000 Exception <a 'java/lang/ClassNotFoundException': org/apache/log4j/WriterAppenderBeanInfo> (0x0000000781f966e8) thrown at [C:\jenkins\workspace\8-2-build-windows-amd64-cygwin\jdk8u311\1894\hotspot\src\share\vm\classfile\systemDictionary.cpp, line 212]
Event: 0.372 Thread 0x000002bac9366000 Exception <a 'java/lang/ClassNotFoundException': org/apache/log4j/AppenderSkeletonBeanInfo> (0x0000000781f9f658) thrown at [C:\jenkins\workspace\8-2-build-windows-amd64-cygwin\jdk8u311\1894\hotspot\src\share\vm\classfile\systemDictionary.cpp, line 212]
Event: 0.372 Thread 0x000002bac9366000 Exception <a 'java/lang/ClassNotFoundException': org/apache/log4j/AppenderSkeletonCustomizer> (0x0000000781fa89a0) thrown at [C:\jenkins\workspace\8-2-build-windows-amd64-cygwin\jdk8u311\1894\hotspot\src\share\vm\classfile\systemDictionary.cpp, line 212]
Event: 0.374 Thread 0x000002bac9366000 Exception <a 'java/lang/ClassNotFoundException': org/apache/log4j/WriterAppenderCustomizer> (0x0000000781fc72d0) thrown at [C:\jenkins\workspace\8-2-build-windows-amd64-cygwin\jdk8u311\1894\hotspot\src\share\vm\classfile\systemDictionary.cpp, line 212]
Event: 0.376 Thread 0x000002bac9366000 Exception <a 'java/lang/ClassNotFoundException': org/apache/log4j/FileAppenderCustomizer> (0x0000000781fde7e0) thrown at [C:\jenkins\workspace\8-2-build-windows-amd64-cygwin\jdk8u311\1894\hotspot\src\share\vm\classfile\systemDictionary.cpp, line 212]
Event: 0.526 Thread 0x000002bac9366000 Exception <a 'java/lang/NoSuchFieldError': method resolution failed> (0x0000000782bbe498) thrown at [C:\jenkins\workspace\8-2-build-windows-amd64-cygwin\jdk8u311\1894\hotspot\src\share\vm\prims\methodHandles.cpp, line 1169]
Event: 0.527 Thread 0x000002bac9366000 Exception <a 'java/lang/NoSuchFieldError': method resolution failed> (0x0000000782bcc810) thrown at [C:\jenkins\workspace\8-2-build-windows-amd64-cygwin\jdk8u311\1894\hotspot\src\share\vm\prims\methodHandles.cpp, line 1169]
Event: 0.620 Thread 0x000002bac9366000 Implicit null exception at 0x000002bacaeaea15 to 0x000002bacaeaec15

Events (10 events):
Event: 0.776 loading class com/mysql/cj/log/BaseMetricsHolder
Event: 0.776 loading class com/mysql/cj/log/BaseMetricsHolder done
Event: 0.776 loading class com/mysql/cj/protocol/a/NativePacketPayload
Event: 0.776 loading class com/mysql/cj/protocol/a/NativePacketPayload done
Event: 0.777 loading class com/mysql/cj/protocol/a/SimplePacketSender
Event: 0.777 loading class com/mysql/cj/protocol/a/SimplePacketSender done
Event: 0.777 loading class com/mysql/cj/protocol/a/SimplePacketReader
Event: 0.777 loading class com/mysql/cj/protocol/a/SimplePacketReader done
Event: 0.778 loading class com/mysql/cj/protocol/a/NativeAuthenticationProvider
Event: 0.778 loading class com/mysql/cj/protocol/a/NativeAuthenticationProvider done


Dynamic libraries:
0x00007ff63b8b0000 - 0x00007ff63b8f7000 	C:\Program Files\Java\jdk1.8.0_311\bin\java.exe
0x00007ffc75bf0000 - 0x00007ffc75de8000 	C:\Windows\SYSTEM32\ntdll.dll
0x00007ffc756f0000 - 0x00007ffc757ad000 	C:\Windows\System32\KERNEL32.DLL
0x00007ffc73310000 - 0x00007ffc735de000 	C:\Windows\System32\KERNELBASE.dll
0x00007ffc75350000 - 0x00007ffc753fe000 	C:\Windows\System32\ADVAPI32.dll
0x00007ffc757b0000 - 0x00007ffc7584e000 	C:\Windows\System32\msvcrt.dll
0x00007ffc73e40000 - 0x00007ffc73edc000 	C:\Windows\System32\sechost.dll
0x00007ffc73cb0000 - 0x00007ffc73dd5000 	C:\Windows\System32\RPCRT4.dll
0x00007ffc751b0000 - 0x00007ffc75350000 	C:\Windows\System32\USER32.dll
0x00007ffc73870000 - 0x00007ffc73892000 	C:\Windows\System32\win32u.dll
0x00007ffc75470000 - 0x00007ffc7549a000 	C:\Windows\System32\GDI32.dll
0x00007ffc739d0000 - 0x00007ffc73adb000 	C:\Windows\System32\gdi32full.dll
0x00007ffc738a0000 - 0x00007ffc7393d000 	C:\Windows\System32\msvcp_win.dll
0x00007ffc735e0000 - 0x00007ffc736e0000 	C:\Windows\System32\ucrtbase.dll
0x00007ffc4ef80000 - 0x00007ffc4f21a000 	C:\Windows\WinSxS\amd64_microsoft.windows.common-controls_6595b64144ccf1df_6.0.19041.1110_none_60b5254171f9507e\COMCTL32.dll
0x00007ffc75550000 - 0x00007ffc75580000 	C:\Windows\System32\IMM32.DLL
0x00007ffc5e850000 - 0x00007ffc5e865000 	C:\Program Files\Java\jdk1.8.0_311\jre\bin\vcruntime140.dll
0x00007ffc37630000 - 0x00007ffc376cb000 	C:\Program Files\Java\jdk1.8.0_311\jre\bin\msvcp140.dll
0x0000000052450000 - 0x0000000052cb0000 	C:\Program Files\Java\jdk1.8.0_311\jre\bin\server\jvm.dll
0x00007ffc751a0000 - 0x00007ffc751a8000 	C:\Windows\System32\PSAPI.DLL
0x00007ffc6b8d0000 - 0x00007ffc6b8da000 	C:\Windows\SYSTEM32\VERSION.dll
0x00007ffc6dd40000 - 0x00007ffc6dd49000 	C:\Windows\SYSTEM32\WSOCK32.dll
0x00007ffc5dde0000 - 0x00007ffc5de07000 	C:\Windows\SYSTEM32\WINMM.dll
0x00007ffc75400000 - 0x00007ffc7546b000 	C:\Windows\System32\WS2_32.dll
0x00007ffc711e0000 - 0x00007ffc711f2000 	C:\Windows\SYSTEM32\kernel.appcore.dll
0x00007ffc6e010000 - 0x00007ffc6e020000 	C:\Program Files\Java\jdk1.8.0_311\jre\bin\verify.dll
0x00007ffc52cc0000 - 0x00007ffc52ceb000 	C:\Program Files\Java\jdk1.8.0_311\jre\bin\java.dll
0x00007ffc52a40000 - 0x00007ffc52a70000 	C:\Program Files\Java\jdk1.8.0_311\jre\bin\instrument.dll
0x00007ffc52ba0000 - 0x00007ffc52bb8000 	C:\Program Files\Java\jdk1.8.0_311\jre\bin\zip.dll
0x00007ffc74000000 - 0x00007ffc74743000 	C:\Windows\System32\SHELL32.dll
0x00007ffc71400000 - 0x00007ffc71b95000 	C:\Windows\SYSTEM32\windows.storage.dll
0x00007ffc749d0000 - 0x00007ffc74d24000 	C:\Windows\System32\combase.dll
0x00007ffc72d70000 - 0x00007ffc72da0000 	C:\Windows\SYSTEM32\Wldp.dll
0x00007ffc754a0000 - 0x00007ffc7554d000 	C:\Windows\System32\SHCORE.dll
0x00007ffc73de0000 - 0x00007ffc73e35000 	C:\Windows\System32\shlwapi.dll
0x00007ffc73250000 - 0x00007ffc7326f000 	C:\Windows\SYSTEM32\profapi.dll
0x00007ffc52ca0000 - 0x00007ffc52cba000 	D:\GZXT\ProgramFiles (x86)\JAVA\IntelliJ IDEA 2022.1.3\bin\breakgen64.dll
0x00007ffc526d0000 - 0x00007ffc526ec000 	C:\Program Files\Java\jdk1.8.0_311\jre\bin\net.dll
0x00007ffc72a80000 - 0x00007ffc72aea000 	C:\Windows\system32\mswsock.dll

VM Arguments:
jvm_args: -ea -Didea.test.cyclic.buffer.size=1048576 -javaagent:D:\GZXT\ProgramFiles (x86)\JAVA\IntelliJ IDEA 2022.1.3\lib\idea_rt.jar=14717:D:\GZXT\ProgramFiles (x86)\JAVA\IntelliJ IDEA 2022.1.3\bin -Dfile.encoding=UTF-8 
java_command: com.intellij.rt.junit.JUnitStarter -ideVersion5 -junit4 com.iweb.MybatisTest,findAll1
java_class_path (initial): D:\GZXT\ProgramFiles (x86)\JAVA\IntelliJ IDEA 2022.1.3\lib\idea_rt.jar;D:\GZXT\ProgramFiles (x86)\JAVA\IntelliJ IDEA 2022.1.3\plugins\junit\lib\junit5-rt.jar;D:\GZXT\ProgramFiles (x86)\JAVA\IntelliJ IDEA 2022.1.3\plugins\junit\lib\junit-rt.jar;C:\Program Files\Java\jdk1.8.0_311\jre\lib\charsets.jar;C:\Program Files\Java\jdk1.8.0_311\jre\lib\deploy.jar;C:\Program Files\Java\jdk1.8.0_311\jre\lib\ext\access-bridge-64.jar;C:\Program Files\Java\jdk1.8.0_311\jre\lib\ext\cldrdata.jar;C:\Program Files\Java\jdk1.8.0_311\jre\lib\ext\dnsns.jar;C:\Program Files\Java\jdk1.8.0_311\jre\lib\ext\jaccess.jar;C:\Program Files\Java\jdk1.8.0_311\jre\lib\ext\jfxrt.jar;C:\Program Files\Java\jdk1.8.0_311\jre\lib\ext\localedata.jar;C:\Program Files\Java\jdk1.8.0_311\jre\lib\ext\nashorn.jar;C:\Program Files\Java\jdk1.8.0_311\jre\lib\ext\sunec.jar;C:\Program Files\Java\jdk1.8.0_311\jre\lib\ext\sunjce_provider.jar;C:\Program Files\Java\jdk1.8.0_311\jre\lib\ext\sunmscapi.jar;C:\Program Files\Java\jdk1.8.0_311\jre\lib\ext\sunpkcs11.jar;C:\Program Files\Java\jdk1.8.0_311\jre\lib\ext\zipfs.jar;C:\Program Files\Java\jdk1.8.0_311\jre\lib\javaws.jar;C:\Program Files\Java\jdk1.8.0_311\jre\lib\jce.jar;C:\Program Files\Java\jdk1.8.0_311\jre\lib\jfr.jar;C:\Program Files\Java\jdk1.8.0_311\jre\lib\jfxswt.jar;C:\Program Files\Java\jdk1.8.0_311\jre\lib\jsse.jar;C:\Program Files\Java\jdk1.8.0_311\jre\lib\management-agent.jar;C:\Program Files\Java\jdk1.8.0_311\jre\lib\plugin.jar;C:\Program Files\Java\jdk1.8.0_311\jre\lib\resources.jar;C:\Program Files\Java\jdk1.8.0_311\jre\lib\rt.jar;C:\bianchenglianxi\java\xiangmu\idea\naumybatis01\target\test-classes;C:\bianchenglianxi\java\xiangmu\idea\naumybatis01\target\classes;C:\Users\20150\.m2\repository\org\mybatis\mybatis\3.4.5\mybatis-3.4.5.jar;C:\Users\20150\.m2\repository\mysql\mysql-connector-java\8.0.22\mysql-connector-java-8.0.22.jar;C:\Users\20150\.m2\repository\com\google\protobuf\protobuf-java\3.11.4\protobuf-java-3.11.4.jar;C:\U
Launcher Type: SUN_STANDARD

Environment Variables:
JAVA_HOME=C:\Program Files\Java\jdk1.8.0_311
CLASSPATH=.;C:\Program Files\Java\jdk1.8.0_311\lib\dt.jar;C:\Program Files\Java\jdk1.8.0_311\lib\tools.jar;C:\Program Files\Java\jdk1.8.0_311\jre\rt.jar
PATH=C:\app\20150\product\11.2.0\dbhome_1\bin;F:\VMware\VMware pro\bin\;C:\ProgramData\Anaconda3;C:\ProgramData\Anaconda3\Library\mingw-w64\bin;C:\ProgramData\Anaconda3\Library\usr\bin;C:\ProgramData\Anaconda3\Library\bin;C:\ProgramData\Anaconda3\Scripts;C:\Program Files\Java\jdk1.8.0_311\bin;C:\Program Files\Common Files\Oracle\Java\javapath;C:\Program Files (x86)\Common Files\Oracle\Java\javapath;C:\Program Files\Microsoft MPI\Bin\;C:\Windows\system32;C:\Windows;C:\Windows\System32\Wbem;C:\Windows\System32\WindowsPowerShell\v1.0\;C:\Windows\System32\OpenSSH\;C:\Program Files (x86)\Microsoft SQL Server\140\Tools\Binn\;C:\Program Files\Microsoft SQL Server\140\Tools\Binn\;C:\Program Files (x86)\Microsoft SQL Server\140\DTS\Binn\;C:\Program Files\Microsoft SQL Server\140\DTS\Binn\;C:\Program Files\Microsoft SQL Server\Client SDK\ODBC\130\Tools\Binn\;C:\Program Files (x86)\Microsoft SQL Server\150\DTS\Binn\;C:\Program Files\Azure Data Studio\bin;C:\MinGW\bin;C:\Program Files\Java\jdk1.8.0_311\bin;C:\Program Files\Java\jdk-17.0.1\bin;C:\Program Files\Java\jdk1.8.0_311\jre\bin;C:\Program Files (x86)\NetSarang\Xshell 7\;C:\Program Files (x86)\NetSarang\Xftp 7\;C:\Program Files\MySQL\MySQL Server 8.0\bin;C:\Program Files (x86)\IDM Computer Solutions\UltraEdit;C:\Program Files\Java\jdk-18.0.1.1\bin;D:\GZXT\ProgramFiles (x86)\Maven\apache-maven-3.8.6\bin;D:\GZXT\ProgramSoftware\Git\cmd;D:\GZXT\ProgramSoftware\bilbiltools\ffmpeg-5.1.1-essentials_build\bin;C:\Users\20150\AppData\Local\Microsoft\WindowsApps;C:\Users\20150\AppData\Local\Programs\Microsoft VS Code\bin;C:\Program Files\Azure Data Studio\bin;C:\Users\20150\AppData\Local\GitHubDesktop\bin;C:\Program Files (x86)\Tencent\微信web开发者工具\dll;;C:\Users\20150\AppData\Local\Programs\Fiddler;D:\GZXT\ProgramFiles (x86)\Python\PyCharm 2022.1.3\bin;
USERNAME=20150
OS=Windows_NT
PROCESSOR_IDENTIFIER=Intel64 Family 6 Model 142 Stepping 12, GenuineIntel



---------------  S Y S T E M  ---------------

OS: Windows 10.0 , 64 bit Build 19041 (10.0.19041.1889)

CPU:total 8 (initial active 8) (4 cores per cpu, 2 threads per core) family 6 model 142 stepping 12, cmov, cx8, fxsr, mmx, sse, sse2, sse3, ssse3, sse4.1, sse4.2, popcnt, avx, avx2, aes, clmul, erms, 3dnowpref, lzcnt, ht, tsc, tscinvbit, bmi1, bmi2, adx

Memory: 4k page, physical 12367520k(1946616k free), swap 15513248k(5200k free)

vm_info: Java HotSpot(TM) 64-Bit Server VM (25.311-b11) for windows-amd64 JRE (1.8.0_311-b11), built on Sep 27 2021 05:15:14 by "java_re" with MS VC++ 15.9 (VS2017)

time: Sun Sep 25 23:03:55 2022
timezone: 中国标准时间
elapsed time: 0.783847 seconds (0d 0h 0m 0s)

